18/05/2015 22:50:07 devpinoyLogger ############################
18/05/2015 22:50:07 devpinoyLogger @Given - I work in Microsoft
18/05/2015 22:50:07 devpinoyLogger @When - I meet Bill Gates
18/05/2015 22:50:07 devpinoyLogger @Then - I hesitate
18/05/2015 22:50:07 devpinoyLogger @But - He is a goodperson
18/05/2015 22:50:07 devpinoyLogger ############################
18/05/2015 22:50:07 devpinoyLogger @Given - I work in Apple
18/05/2015 22:50:07 devpinoyLogger @When - I meet Steve Jobs
18/05/2015 22:50:07 devpinoyLogger @Then - I scream
18/05/2015 22:50:07 devpinoyLogger @But - He is a wiseperson
18/05/2015 22:50:07 devpinoyLogger @Given - I am a Bad tester in IT industry in country India
18/05/2015 22:50:07 devpinoyLogger @Given - I am a Bad tester in Automobile industry in country Germany
18/05/2015 22:50:07 devpinoyLogger @Given - I am a Bad tester.
18/05/2015 22:50:07 devpinoyLogger @When - I go to work
18/05/2015 22:50:07 devpinoyLogger @Then - I Messes it
18/05/2015 22:50:07 devpinoyLogger @And - My boss Hates me in country -  USA
18/05/2015 22:50:07 devpinoyLogger @And - My boss Hates me in country -  Finland
18/05/2015 22:50:07 devpinoyLogger @And - My boss Hates me
18/05/2015 22:50:07 devpinoyLogger @But - the developer Likes me
18/05/2015 22:50:07 devpinoyLogger @Given - I am a Good tester in IT industry in country India
18/05/2015 22:50:07 devpinoyLogger @Given - I am a Good tester in Automobile industry in country Germany
18/05/2015 22:50:07 devpinoyLogger @Given - I am a Good tester.
18/05/2015 22:50:07 devpinoyLogger @When - I go to work
18/05/2015 22:50:07 devpinoyLogger @Then - I Completes it
18/05/2015 22:50:07 devpinoyLogger @And - My boss Salutes me in country -  USA
18/05/2015 22:50:07 devpinoyLogger @And - My boss Salutes me in country -  Finland
18/05/2015 22:50:07 devpinoyLogger @And - My boss Salutes me
18/05/2015 22:50:07 devpinoyLogger @But - the developer Hates me
18/05/2015 22:50:07 devpinoyLogger @Given - I am a Average tester in IT industry in country India
18/05/2015 22:50:07 devpinoyLogger @Given - I am a Average tester in Automobile industry in country Germany
18/05/2015 22:50:07 devpinoyLogger @Given - I am a Average tester.
18/05/2015 22:50:07 devpinoyLogger @When - I go to work
18/05/2015 22:50:07 devpinoyLogger @Then - I Sufficient it
18/05/2015 22:50:07 devpinoyLogger @And - My boss Congrates me in country -  USA
18/05/2015 22:50:07 devpinoyLogger @And - My boss Congrates me in country -  Finland
18/05/2015 22:50:07 devpinoyLogger @And - My boss Congrates me
18/05/2015 22:50:07 devpinoyLogger @But - the developer Respects me
